『信長の野望･蒼天録』をお買い上げいただきありがとうございます
 
このファイルはサポート業務をより円滑に行うためのものです
万が一、製品に不具合がございましたら
サポートシートに添えてこのファイルをお送りください
 
Microsoft Windows XP Professional   5.1 Service Pack 1 (Build 2600)
MEMORY : 510M
CPU : Pentium 
GenuineIntel
MMX命令を検出しました。
SIMD 拡張命令を検出しました。
11 Family 15 Model 15 Stepping
RDTSC命令が使用できる
2515.049MHz
 
Microsoft : VIA USB エンハンス ホスト コントローラ [5.1.2600.0]
Microsoft : VIA USB エンハンス ホスト コントローラ [5.1.2600.0]
Microsoft : VIA Rev 5 以降の USB ユニバーサル ホスト コンパニオン コントローラ [5.1.2600.1106]
Microsoft : VIA Rev 5 以降の USB ユニバーサル ホスト コンパニオン コントローラ [5.1.2600.1106]
Microsoft : VIA Rev 5 以降の USB ユニバーサル ホスト コンパニオン コントローラ [5.1.2600.1106]
Microsoft : VIA Rev 5 以降の USB ユニバーサル ホスト コンパニオン コントローラ [5.1.2600.1106]
Microsoft : USB ルート ハブ [5.1.2600.1106]
Microsoft : USB ルート ハブ [5.1.2600.1106]
Microsoft : USB ルート ハブ [5.1.2600.1106]
Microsoft : USB ルート ハブ [5.1.2600.1106]
Microsoft : USB ルート ハブ [5.1.2600.1106]
Microsoft : USB ルート ハブ [5.1.2600.1106]
Microsoft : USB 大容量記憶装置デバイス [5.1.2600.0]
Microsoft : USB 大容量記憶装置デバイス [5.1.2600.0]
Microsoft : CD-ROM ドライブ [5.1.2535.0]
Microsoft : CD-ROM ドライブ [5.1.2535.0]
Microsoft : ACPI ユニプロセッサ PC [5.1.2600.0]
Microsoft : ディスク ドライブ [5.1.2535.0]
Microsoft : ディスク ドライブ [5.1.2535.0]
Microsoft : ディスク ドライブ [5.1.2535.0]
NVIDIA : NVIDIA GeForce4 MX 420 (Microsoft Corporation) [2.9.5.8]
NVIDIA : NVIDIA GeForce4 MX 420 (Microsoft Corporation) [2.9.5.8]
Hercules : 3D Prophet 4500 [1.6.16.55]
Hercules : 3D Prophet 4500 [1.6.16.55]
Hercules : 3D Prophet 4500 [1.6.16.55]
Microsoft : 標準フロッピー ディスク コントローラ [5.1.2600.0]
Microsoft : Intel(r) 82801BA Bus Master IDE Controller [5.1.2600.1106]
Microsoft : プライマリ IDE チャネル [5.1.2600.1106]
Microsoft : セカンダリ IDE チャネル [5.1.2600.1106]
Microsoft : 101/102 英語キーボードまたは Microsoft Natural PS/2 キーボード [5.1.2600.1106]
Microsoft : Intel(r) 82801BA/BAM AC'97 Audio Controller [5.1.2535.0]
Microsoft : Intel(r) 82801BA/BAM AC'97 Audio Controller [5.1.2535.0]
Microsoft : Intel(r) 82801BA/BAM AC'97 Audio Controller [5.1.2535.0]
Microsoft : Intel(r) 82801BA/BAM AC'97 Audio Controller [5.1.2535.0]
Microsoft : メディア コントロール デバイス [5.1.2535.0]
Microsoft : ビデオ CODEC [5.1.2535.0]
Microsoft : オーディオ CODEC [5.1.2535.0]
Microsoft : レガシ ビデオ キャプチャ デバイス [5.1.2535.0]
Microsoft : レガシ オーディオ ドライバ [5.1.2535.0]
Microsoft : Microsoft Streaming Quality Manager Proxy [5.1.2600.0]
Microsoft : Microsoft Kernel Wave Audio Mixer [5.1.2535.0]
Microsoft : Microsoft Kernel System Audio Device [5.1.2535.0]
Microsoft : Microsoft Kernel DRM Audio Descrambler [5.1.2535.0]
Microsoft : Microsoft Streaming Clock Proxy [5.1.2600.0]
Microsoft : Microsoft Streaming Service Proxy [5.1.2600.0]
Microsoft : Microsoft Kernel DLS Synthesizer [5.1.2535.0]
Microsoft : Microsoft Kernel GS Wavetable Synthesizer [5.1.2535.0]
Microsoft : Microsoft Kernel Acoustic Echo Canceller [5.1.2535.0]
Microsoft : Microsoft Kernel Audio Splitter [5.1.2535.0]
Microsoft : Microsoft WINMM WDM Audio Compatibility Driver [5.1.2535.0]
Microsoft : プラグ アンド プレイ モニタ [5.1.2001.0]
Microsoft : プラグ アンド プレイ モニタ [5.1.2001.0]
Microsoft : (既定のモニタ) [5.1.2001.0]
Microsoft : (既定のモニタ) [5.1.2001.0]
Microsoft : プラグ アンド プレイ モニタ [5.1.2001.0]
Microsoft : プラグ アンド プレイ モニタ [5.1.2001.0]
Microsoft : HID 準拠マウス [5.1.2600.0]
Microsoft : HID 準拠マウス [5.1.2600.0]
Microsoft : RAS 非同期アダプタ [5.1.2535.0]
Microsoft : RAS 非同期アダプタ [5.1.2535.0]
Microsoft : RAS 非同期アダプタ [5.1.2535.0]
Microsoft : WAN ミニポート (L2TP) [5.1.2535.0]
Microsoft : WAN ミニポート (L2TP) [5.1.2535.0]
Microsoft : WAN ミニポート (L2TP) [5.1.2535.0]
Microsoft : WAN ミニポート (PPTP) [5.1.2535.0]
Microsoft : WAN ミニポート (PPTP) [5.1.2535.0]
Microsoft : WAN ミニポート (PPTP) [5.1.2535.0]
Microsoft : WAN ミニポート (PPPOE) [5.1.2535.0]
Microsoft : WAN ミニポート (PPPOE) [5.1.2535.0]
Microsoft : WAN ミニポート (PPPOE) [5.1.2535.0]
Microsoft : 直接パラレル [5.1.2535.0]
Microsoft : 直接パラレル [5.1.2535.0]
Microsoft : 直接パラレル [5.1.2535.0]
Microsoft : WAN ミニポート (IP) [5.1.2535.0]
Microsoft : WAN ミニポート (IP) [5.1.2535.0]
Microsoft : WAN ミニポート (IP) [5.1.2535.0]
Microsoft : パケット スケジューラ ミニポート [5.1.2535.0]
Microsoft : パケット スケジューラ ミニポート [5.1.2535.0]
Intel : Intel(R) PRO/100 M Network Connection [6.1.3.10]
Intel : Intel(R) PRO/100 M Network Connection [6.1.3.10]
Intel : Intel(R) PRO/100 M Network Connection [6.1.3.10]
Intel : Intel(R) PRO/100 M Network Connection [6.1.3.10]
Microsoft : パケット スケジューラ ミニポート [5.1.2535.0]
Microsoft : パケット スケジューラ ミニポート [5.1.2535.0]
Microsoft : ECP プリンタ ポート [5.1.2600.0]
Microsoft : 通信ポート [5.1.2600.0]
Microsoft : コンソールのための全画面ビデオ ドライバ [5.1.2535.0]
Microsoft : ボリューム マネージャ [5.1.2600.0]
Microsoft : プラグ アンド プレイ ソフトウェア デバイス列挙子 [5.1.2600.0]
Microsoft : Microcode Update Device [5.1.2600.0]
Microsoft : 論理ディスク マネージャ [5.1.2600.0]
Microsoft : Microsoft ACPI-Compliant System [5.1.2535.0]
Microsoft : ACPI Fixed Feature ボタン [5.1.2600.0]
Microsoft : PCI バス
Microsoft : ACPI 電源ボタン [5.1.2600.0]
Microsoft : システム ボード [5.1.2600.0]
Microsoft : Intel(R) 82801BA/BAM SMBus Controller - 2443 [5.1.2600.0]
Microsoft : Intel(R) 82801BA LPC Interface Controller - 2440 [5.1.2600.0]
Microsoft : Intel Processor to AGP Controller [5.1.2600.0]
Microsoft : Intel(R) 82850 Processor to I/O Controller - 2530 [5.1.2600.0]
Microsoft : Intel(R) 82801BA/CA PCI Bridge - 244E [5.1.2600.0]
Microsoft : ISAPNP 読み取りデータ ポート [5.1.2600.0]
Microsoft : DMA コントローラ [5.1.2600.0]
Microsoft : システム スピーカー [5.1.2600.0]
Microsoft : システム タイマ [5.1.2600.0]
Microsoft : 数値データ プロセッサ [5.1.2600.0]
Microsoft : システム ボード [5.1.2600.0]
Microsoft : プログラム可能割り込みコントローラ [5.1.2600.0]
Microsoft : システム CMOS/リアル タイム クロック [5.1.2600.0]
Microsoft : Printer Port Logical Interface [5.1.2600.0]
Microsoft : ターミナル サーバー デバイス リダイレクタ [5.1.2600.0]
Microsoft : ターミナル サーバー マウス ドライバ [5.1.2600.0]
Microsoft : ターミナル サーバー キーボード ドライバ [5.1.2600.0]
Microsoft : フロッピー ディスク ドライブ [5.1.2600.0]
Microsoft : プロセッサ [5.1.2600.0]
Microsoft : 汎用ボリューム [5.1.2600.0]
Microsoft : 汎用ボリューム [5.1.2600.0]
Microsoft : 汎用ボリューム [5.1.2600.0]
Microsoft : 汎用ボリューム [5.1.2600.0]
Microsoft : USB ヒューマン インターフェイス デバイス [5.1.2600.1106]
Microsoft : USB ヒューマン インターフェイス デバイス [5.1.2600.1106]
Microsoft : VIA USB エンハンス ホスト コントローラ [5.1.2600.0]
Microsoft : VIA USB エンハンス ホスト コントローラ [5.1.2600.0]
Microsoft : VIA Rev 5 以降の USB ユニバーサル ホスト コンパニオン コントローラ [5.1.2600.1106]
Microsoft : VIA Rev 5 以降の USB ユニバーサル ホスト コンパニオン コントローラ [5.1.2600.1106]
Microsoft : VIA Rev 5 以降の USB ユニバーサル ホスト コンパニオン コントローラ [5.1.2600.1106]
Microsoft : VIA Rev 5 以降の USB ユニバーサル ホスト コンパニオン コントローラ [5.1.2600.1106]
Microsoft : USB ルート ハブ [5.1.2600.1106]
Microsoft : USB ルート ハブ [5.1.2600.1106]
Microsoft : USB ルート ハブ [5.1.2600.1106]
Microsoft : USB ルート ハブ [5.1.2600.1106]
Microsoft : USB ルート ハブ [5.1.2600.1106]
Microsoft : USB ルート ハブ [5.1.2600.1106]
Microsoft : USB 大容量記憶装置デバイス [5.1.2600.0]
Microsoft : USB 大容量記憶装置デバイス [5.1.2600.0]
Microsoft : CD-ROM ドライブ [5.1.2535.0]
Microsoft : CD-ROM ドライブ [5.1.2535.0]
Microsoft : ACPI ユニプロセッサ PC [5.1.2600.0]
Microsoft : ディスク ドライブ [5.1.2535.0]
Microsoft : ディスク ドライブ [5.1.2535.0]
Microsoft : ディスク ドライブ [5.1.2535.0]
NVIDIA : NVIDIA GeForce4 MX 420 (Microsoft Corporation) [2.9.5.8]
NVIDIA : NVIDIA GeForce4 MX 420 (Microsoft Corporation) [2.9.5.8]
Hercules : 3D Prophet 4500 [1.6.16.55]
Hercules : 3D Prophet 4500 [1.6.16.55]
Hercules : 3D Prophet 4500 [1.6.16.55]
Microsoft : 標準フロッピー ディスク コントローラ [5.1.2600.0]
Microsoft : Intel(r) 82801BA Bus Master IDE Controller [5.1.2600.1106]
Microsoft : プライマリ IDE チャネル [5.1.2600.1106]
Microsoft : セカンダリ IDE チャネル [5.1.2600.1106]
Microsoft : 101/102 英語キーボードまたは Microsoft Natural PS/2 キーボード [5.1.2600.1106]
Microsoft : Intel(r) 82801BA/BAM AC'97 Audio Controller [5.1.2535.0]
Microsoft : Intel(r) 82801BA/BAM AC'97 Audio Controller [5.1.2535.0]
Microsoft : Intel(r) 82801BA/BAM AC'97 Audio Controller [5.1.2535.0]
Microsoft : Intel(r) 82801BA/BAM AC'97 Audio Controller [5.1.2535.0]
Microsoft : メディア コントロール デバイス [5.1.2535.0]
Microsoft : ビデオ CODEC [5.1.2535.0]
Microsoft : オーディオ CODEC [5.1.2535.0]
Microsoft : レガシ ビデオ キャプチャ デバイス [5.1.2535.0]
Microsoft : レガシ オーディオ ドライバ [5.1.2535.0]
Microsoft : Microsoft Streaming Quality Manager Proxy [5.1.2600.0]
Microsoft : Microsoft Kernel Wave Audio Mixer [5.1.2535.0]
Microsoft : Microsoft Kernel System Audio Device [5.1.2535.0]
Microsoft : Microsoft Kernel DRM Audio Descrambler [5.1.2535.0]
Microsoft : Microsoft Streaming Clock Proxy [5.1.2600.0]
Microsoft : Microsoft Streaming Service Proxy [5.1.2600.0]
Microsoft : Microsoft Kernel DLS Synthesizer [5.1.2535.0]
Microsoft : Microsoft Kernel GS Wavetable Synthesizer [5.1.2535.0]
Microsoft : Microsoft Kernel Acoustic Echo Canceller [5.1.2535.0]
Microsoft : Microsoft Kernel Audio Splitter [5.1.2535.0]
Microsoft : Microsoft WINMM WDM Audio Compatibility Driver [5.1.2535.0]
Microsoft : プラグ アンド プレイ モニタ [5.1.2001.0]
Microsoft : プラグ アンド プレイ モニタ [5.1.2001.0]
Microsoft : (既定のモニタ) [5.1.2001.0]
Microsoft : (既定のモニタ) [5.1.2001.0]
Microsoft : プラグ アンド プレイ モニタ [5.1.2001.0]
Microsoft : プラグ アンド プレイ モニタ [5.1.2001.0]
Microsoft : HID 準拠マウス [5.1.2600.0]
Microsoft : HID 準拠マウス [5.1.2600.0]
Microsoft : RAS 非同期アダプタ [5.1.2535.0]
Microsoft : RAS 非同期アダプタ [5.1.2535.0]
Microsoft : RAS 非同期アダプタ [5.1.2535.0]
Microsoft : WAN ミニポート (L2TP) [5.1.2535.0]
Microsoft : WAN ミニポート (L2TP) [5.1.2535.0]
Microsoft : WAN ミニポート (L2TP) [5.1.2535.0]
Microsoft : WAN ミニポート (PPTP) [5.1.2535.0]
Microsoft : WAN ミニポート (PPTP) [5.1.2535.0]
Microsoft : WAN ミニポート (PPTP) [5.1.2535.0]
Microsoft : WAN ミニポート (PPPOE) [5.1.2535.0]
Microsoft : WAN ミニポート (PPPOE) [5.1.2535.0]
Microsoft : WAN ミニポート (PPPOE) [5.1.2535.0]
Microsoft : 直接パラレル [5.1.2535.0]
Microsoft : 直接パラレル [5.1.2535.0]
Microsoft : 直接パラレル [5.1.2535.0]
Microsoft : WAN ミニポート (IP) [5.1.2535.0]
Microsoft : WAN ミニポート (IP) [5.1.2535.0]
Microsoft : WAN ミニポート (IP) [5.1.2535.0]
Microsoft : パケット スケジューラ ミニポート [5.1.2535.0]
Microsoft : パケット スケジューラ ミニポート [5.1.2535.0]
Intel : Intel(R) PRO/100 M Network Connection [6.1.3.10]
Intel : Intel(R) PRO/100 M Network Connection [6.1.3.10]
Intel : Intel(R) PRO/100 M Network Connection [6.1.3.10]
Intel : Intel(R) PRO/100 M Network Connection [6.1.3.10]
Microsoft : パケット スケジューラ ミニポート [5.1.2535.0]
Microsoft : パケット スケジューラ ミニポート [5.1.2535.0]
Microsoft : ECP プリンタ ポート [5.1.2600.0]
Microsoft : 通信ポート [5.1.2600.0]
Microsoft : コンソールのための全画面ビデオ ドライバ [5.1.2535.0]
Microsoft : ボリューム マネージャ [5.1.2600.0]
Microsoft : プラグ アンド プレイ ソフトウェア デバイス列挙子 [5.1.2600.0]
Microsoft : Microcode Update Device [5.1.2600.0]
Microsoft : 論理ディスク マネージャ [5.1.2600.0]
Microsoft : Microsoft ACPI-Compliant System [5.1.2535.0]
Microsoft : ACPI Fixed Feature ボタン [5.1.2600.0]
Microsoft : PCI バス
Microsoft : ACPI 電源ボタン [5.1.2600.0]
Microsoft : システム ボード [5.1.2600.0]
Microsoft : Intel(R) 82801BA/BAM SMBus Controller - 2443 [5.1.2600.0]
Microsoft : Intel(R) 82801BA LPC Interface Controller - 2440 [5.1.2600.0]
Microsoft : Intel Processor to AGP Controller [5.1.2600.0]
Microsoft : Intel(R) 82850 Processor to I/O Controller - 2530 [5.1.2600.0]
Microsoft : Intel(R) 82801BA/CA PCI Bridge - 244E [5.1.2600.0]
Microsoft : ISAPNP 読み取りデータ ポート [5.1.2600.0]
Microsoft : DMA コントローラ [5.1.2600.0]
Microsoft : システム スピーカー [5.1.2600.0]
Microsoft : システム タイマ [5.1.2600.0]
Microsoft : 数値データ プロセッサ [5.1.2600.0]
Microsoft : システム ボード [5.1.2600.0]
Microsoft : プログラム可能割り込みコントローラ [5.1.2600.0]
Microsoft : システム CMOS/リアル タイム クロック [5.1.2600.0]
Microsoft : Printer Port Logical Interface [5.1.2600.0]
Microsoft : ターミナル サーバー デバイス リダイレクタ [5.1.2600.0]
Microsoft : ターミナル サーバー マウス ドライバ [5.1.2600.0]
Microsoft : ターミナル サーバー キーボード ドライバ [5.1.2600.0]
Microsoft : フロッピー ディスク ドライブ [5.1.2600.0]
Microsoft : プロセッサ [5.1.2600.0]
Microsoft : 汎用ボリューム [5.1.2600.0]
Microsoft : 汎用ボリューム [5.1.2600.0]
Microsoft : 汎用ボリューム [5.1.2600.0]
Microsoft : 汎用ボリューム [5.1.2600.0]
Microsoft : USB ヒューマン インターフェイス デバイス [5.1.2600.1106]
Microsoft : USB ヒューマン インターフェイス デバイス [5.1.2600.1106]
Microsoft : VIA USB エンハンス ホスト コントローラ [5.1.2600.0]
Microsoft : VIA USB エンハンス ホスト コントローラ [5.1.2600.0]
Microsoft : VIA Rev 5 以降の USB ユニバーサル ホスト コンパニオン コントローラ [5.1.2600.1106]
Microsoft : VIA Rev 5 以降の USB ユニバーサル ホスト コンパニオン コントローラ [5.1.2600.1106]
Microsoft : VIA Rev 5 以降の USB ユニバーサル ホスト コンパニオン コントローラ [5.1.2600.1106]
Microsoft : VIA Rev 5 以降の USB ユニバーサル ホスト コンパニオン コントローラ [5.1.2600.1106]
Microsoft : USB ルート ハブ [5.1.2600.1106]
Microsoft : USB ルート ハブ [5.1.2600.1106]
Microsoft : USB ルート ハブ [5.1.2600.1106]
Microsoft : USB ルート ハブ [5.1.2600.1106]
Microsoft : USB ルート ハブ [5.1.2600.1106]
Microsoft : USB ルート ハブ [5.1.2600.1106]
Microsoft : USB 大容量記憶装置デバイス [5.1.2600.0]
Microsoft : USB 大容量記憶装置デバイス [5.1.2600.0]
Microsoft : CD-ROM ドライブ [5.1.2535.0]
Microsoft : CD-ROM ドライブ [5.1.2535.0]
Microsoft : ACPI ユニプロセッサ PC [5.1.2600.0]
Microsoft : ディスク ドライブ [5.1.2535.0]
Microsoft : ディスク ドライブ [5.1.2535.0]
Microsoft : ディスク ドライブ [5.1.2535.0]
NVIDIA : NVIDIA GeForce4 MX 420 (Microsoft Corporation) [2.9.5.8]
NVIDIA : NVIDIA GeForce4 MX 420 (Microsoft Corporation) [2.9.5.8]
Hercules : 3D Prophet 4500 [1.6.16.55]
Hercules : 3D Prophet 4500 [1.6.16.55]
Hercules : 3D Prophet 4500 [1.6.16.55]
Microsoft : 標準フロッピー ディスク コントローラ [5.1.2600.0]
Microsoft : Intel(r) 82801BA Bus Master IDE Controller [5.1.2600.1106]
Microsoft : プライマリ IDE チャネル [5.1.2600.1106]
Microsoft : セカンダリ IDE チャネル [5.1.2600.1106]
Microsoft : 101/102 英語キーボードまたは Microsoft Natural PS/2 キーボード [5.1.2600.1106]
Microsoft : Intel(r) 82801BA/BAM AC'97 Audio Controller [5.1.2535.0]
Microsoft : Intel(r) 82801BA/BAM AC'97 Audio Controller [5.1.2535.0]
Microsoft : Intel(r) 82801BA/BAM AC'97 Audio Controller [5.1.2535.0]
Microsoft : Intel(r) 82801BA/BAM AC'97 Audio Controller [5.1.2535.0]
Microsoft : メディア コントロール デバイス [5.1.2535.0]
Microsoft : ビデオ CODEC [5.1.2535.0]
Microsoft : オーディオ CODEC [5.1.2535.0]
Microsoft : レガシ ビデオ キャプチャ デバイス [5.1.2535.0]
Microsoft : レガシ オーディオ ドライバ [5.1.2535.0]
Microsoft : Microsoft Streaming Quality Manager Proxy [5.1.2600.0]
Microsoft : Microsoft Kernel Wave Audio Mixer [5.1.2535.0]
Microsoft : Microsoft Kernel System Audio Device [5.1.2535.0]
Microsoft : Microsoft Kernel DRM Audio Descrambler [5.1.2535.0]
Microsoft : Microsoft Streaming Clock Proxy [5.1.2600.0]
Microsoft : Microsoft Streaming Service Proxy [5.1.2600.0]
Microsoft : Microsoft Kernel DLS Synthesizer [5.1.2535.0]
Microsoft : Microsoft Kernel GS Wavetable Synthesizer [5.1.2535.0]
Microsoft : Microsoft Kernel Acoustic Echo Canceller [5.1.2535.0]
Microsoft : Microsoft Kernel Audio Splitter [5.1.2535.0]
Microsoft : Microsoft WINMM WDM Audio Compatibility Driver [5.1.2535.0]
Microsoft : プラグ アンド プレイ モニタ [5.1.2001.0]
Microsoft : プラグ アンド プレイ モニタ [5.1.2001.0]
Microsoft : (既定のモニタ) [5.1.2001.0]
Microsoft : (既定のモニタ) [5.1.2001.0]
Microsoft : プラグ アンド プレイ モニタ [5.1.2001.0]
Microsoft : プラグ アンド プレイ モニタ [5.1.2001.0]
Microsoft : HID 準拠マウス [5.1.2600.0]
Microsoft : HID 準拠マウス [5.1.2600.0]
Microsoft : RAS 非同期アダプタ [5.1.2535.0]
Microsoft : RAS 非同期アダプタ [5.1.2535.0]
Microsoft : RAS 非同期アダプタ [5.1.2535.0]
Microsoft : WAN ミニポート (L2TP) [5.1.2535.0]
Microsoft : WAN ミニポート (L2TP) [5.1.2535.0]
Microsoft : WAN ミニポート (L2TP) [5.1.2535.0]
Microsoft : WAN ミニポート (PPTP) [5.1.2535.0]
Microsoft : WAN ミニポート (PPTP) [5.1.2535.0]
Microsoft : WAN ミニポート (PPTP) [5.1.2535.0]
Microsoft : WAN ミニポート (PPPOE) [5.1.2535.0]
Microsoft : WAN ミニポート (PPPOE) [5.1.2535.0]
Microsoft : WAN ミニポート (PPPOE) [5.1.2535.0]
Microsoft : 直接パラレル [5.1.2535.0]
Microsoft : 直接パラレル [5.1.2535.0]
Microsoft : 直接パラレル [5.1.2535.0]
Microsoft : WAN ミニポート (IP) [5.1.2535.0]
Microsoft : WAN ミニポート (IP) [5.1.2535.0]
Microsoft : WAN ミニポート (IP) [5.1.2535.0]
Microsoft : パケット スケジューラ ミニポート [5.1.2535.0]
Microsoft : パケット スケジューラ ミニポート [5.1.2535.0]
Intel : Intel(R) PRO/100 M Network Connection [6.1.3.10]
Intel : Intel(R) PRO/100 M Network Connection [6.1.3.10]
Intel : Intel(R) PRO/100 M Network Connection [6.1.3.10]
Intel : Intel(R) PRO/100 M Network Connection [6.1.3.10]
Microsoft : パケット スケジューラ ミニポート [5.1.2535.0]
Microsoft : パケット スケジューラ ミニポート [5.1.2535.0]
Microsoft : ECP プリンタ ポート [5.1.2600.0]
Microsoft : 通信ポート [5.1.2600.0]
Microsoft : コンソールのための全画面ビデオ ドライバ [5.1.2535.0]
Microsoft : ボリューム マネージャ [5.1.2600.0]
Microsoft : プラグ アンド プレイ ソフトウェア デバイス列挙子 [5.1.2600.0]
Microsoft : Microcode Update Device [5.1.2600.0]
Microsoft : 論理ディスク マネージャ [5.1.2600.0]
Microsoft : Microsoft ACPI-Compliant System [5.1.2535.0]
Microsoft : ACPI Fixed Feature ボタン [5.1.2600.0]
Microsoft : PCI バス
Microsoft : ACPI 電源ボタン [5.1.2600.0]
Microsoft : システム ボード [5.1.2600.0]
Microsoft : Intel(R) 82801BA/BAM SMBus Controller - 2443 [5.1.2600.0]
Microsoft : Intel(R) 82801BA LPC Interface Controller - 2440 [5.1.2600.0]
Microsoft : Intel Processor to AGP Controller [5.1.2600.0]
Microsoft : Intel(R) 82850 Processor to I/O Controller - 2530 [5.1.2600.0]
Microsoft : Intel(R) 82801BA/CA PCI Bridge - 244E [5.1.2600.0]
Microsoft : ISAPNP 読み取りデータ ポート [5.1.2600.0]
Microsoft : DMA コントローラ [5.1.2600.0]
Microsoft : システム スピーカー [5.1.2600.0]
Microsoft : システム タイマ [5.1.2600.0]
Microsoft : 数値データ プロセッサ [5.1.2600.0]
Microsoft : システム ボード [5.1.2600.0]
Microsoft : プログラム可能割り込みコントローラ [5.1.2600.0]
Microsoft : システム CMOS/リアル タイム クロック [5.1.2600.0]
Microsoft : Printer Port Logical Interface [5.1.2600.0]
Microsoft : ターミナル サーバー デバイス リダイレクタ [5.1.2600.0]
Microsoft : ターミナル サーバー マウス ドライバ [5.1.2600.0]
Microsoft : ターミナル サーバー キーボード ドライバ [5.1.2600.0]
Microsoft : フロッピー ディスク ドライブ [5.1.2600.0]
Microsoft : プロセッサ [5.1.2600.0]
Microsoft : 汎用ボリューム [5.1.2600.0]
Microsoft : 汎用ボリューム [5.1.2600.0]
Microsoft : 汎用ボリューム [5.1.2600.0]
Microsoft : 汎用ボリューム [5.1.2600.0]
Microsoft : USB ヒューマン インターフェイス デバイス [5.1.2600.1106]
Microsoft : USB ヒューマン インターフェイス デバイス [5.1.2600.1106]
 
変更可能な画面モード
     320× 200 256色
     320× 200 256色
     320× 200 256色
     320× 200 256色
     320× 200 High Color
     320× 200 High Color
     320× 200 High Color
     320× 200 High Color
     320× 200 True Color(32bit)
     320× 200 True Color(32bit)
     320× 200 True Color(32bit)
     320× 200 True Color(32bit)
     320× 240 256色
     320× 240 256色
     320× 240 256色
     320× 240 256色
     320× 240 High Color
     320× 240 High Color
     320× 240 High Color
     320× 240 High Color
     320× 240 True Color(32bit)
     320× 240 True Color(32bit)
     320× 240 True Color(32bit)
     320× 240 True Color(32bit)
     400× 300 256色
     400× 300 256色
     400× 300 256色
     400× 300 256色
     400× 300 High Color
     400× 300 High Color
     400× 300 High Color
     400× 300 High Color
     400× 300 True Color(32bit)
     400× 300 True Color(32bit)
     400× 300 True Color(32bit)
     400× 300 True Color(32bit)
     480× 360 256色
     480× 360 256色
     480× 360 256色
     480× 360 256色
     480× 360 High Color
     480× 360 High Color
     480× 360 High Color
     480× 360 High Color
     480× 360 True Color(32bit)
     480× 360 True Color(32bit)
     480× 360 True Color(32bit)
     480× 360 True Color(32bit)
     512× 384 256色
     512× 384 256色
     512× 384 256色
     512× 384 256色
     512× 384 High Color
     512× 384 High Color
     512× 384 High Color
     512× 384 High Color
     512× 384 True Color(32bit)
     512× 384 True Color(32bit)
     512× 384 True Color(32bit)
     512× 384 True Color(32bit)
     640× 400 256色
     640× 400 256色
     640× 400 256色
     640× 400 256色
     640× 400 High Color
     640× 400 High Color
     640× 400 High Color
     640× 400 High Color
     640× 400 True Color(32bit)
     640× 400 True Color(32bit)
     640× 400 True Color(32bit)
     640× 400 True Color(32bit)
     640× 480 256色
     640× 480 256色
     640× 480 256色
     640× 480 256色
     640× 480 High Color
     640× 480 High Color
     640× 480 High Color
     640× 480 High Color
     640× 480 True Color(32bit)
     640× 480 True Color(32bit)
     640× 480 True Color(32bit)
     640× 480 True Color(32bit)
     800× 600 256色
     800× 600 256色
     800× 600 256色
     800× 600 256色
     800× 600 High Color
     800× 600 High Color
     800× 600 High Color
     800× 600 High Color
     800× 600 True Color(32bit)
     800× 600 True Color(32bit)
     800× 600 True Color(32bit)
     800× 600 True Color(32bit)
     848× 480 256色
     848× 480 256色
     848× 480 256色
     848× 480 256色
     848× 480 High Color
     848× 480 High Color
     848× 480 High Color
     848× 480 High Color
     848× 480 True Color(32bit)
     848× 480 True Color(32bit)
     848× 480 True Color(32bit)
     848× 480 True Color(32bit)
    1024× 768 256色
    1024× 768 256色
    1024× 768 256色
    1024× 768 256色
    1024× 768 High Color
    1024× 768 High Color
    1024× 768 High Color
    1024× 768 High Color
    1024× 768 True Color(32bit)
    1024× 768 True Color(32bit)
    1024× 768 True Color(32bit)
    1024× 768 True Color(32bit)
    1152× 864 256色
    1152× 864 256色
    1152× 864 256色
    1152× 864 256色
    1152× 864 High Color
    1152× 864 High Color
    1152× 864 High Color
    1152× 864 High Color
☆  1152× 864 True Color(32bit)
☆  1152× 864 True Color(32bit)
☆  1152× 864 True Color(32bit)
☆  1152× 864 True Color(32bit)
    1280× 720 256色
    1280× 720 256色
    1280× 720 256色
    1280× 720 256色
    1280× 720 High Color
    1280× 720 High Color
    1280× 720 High Color
    1280× 720 High Color
    1280× 720 True Color(32bit)
    1280× 720 True Color(32bit)
    1280× 720 True Color(32bit)
    1280× 720 True Color(32bit)
    1280× 768 256色
    1280× 768 256色
    1280× 768 256色
    1280× 768 256色
    1280× 768 High Color
    1280× 768 High Color
    1280× 768 High Color
    1280× 768 High Color
    1280× 768 True Color(32bit)
    1280× 768 True Color(32bit)
    1280× 768 True Color(32bit)
    1280× 768 True Color(32bit)
    1280× 960 256色
    1280× 960 256色
    1280× 960 256色
    1280× 960 256色
    1280× 960 High Color
    1280× 960 High Color
    1280× 960 High Color
    1280× 960 High Color
    1280× 960 True Color(32bit)
    1280× 960 True Color(32bit)
    1280× 960 True Color(32bit)
    1280× 960 True Color(32bit)
    1280×1024 256色
    1280×1024 High Color
    1280×1024 True Color(32bit)
     640× 480  16色
     800× 600  16色
 
 SHELL32.DLL : Version 6.0.2800.1106 
 COMCTL32.DLL : Version 5.82.2800.1106 
 DDRAW.DLL : Version 5.1.2600.1106 
 DSOUND.DLL : Version 5.1.2600.0 
 KOEIDS.DLL : Version 1.2.1.0 
 KOEIWMA.DLL : Version 1.0.0.0 
 KOEILW.DLL : Version 1.1.0.1 
 NOBU10.EXE : Version 1.1.1.0 


DIRECTDRAW:初期化開始
デバイス選択:
デバイス列挙 0 : Guid = 00000000-0000-0000-0000-000000000000, DriverName = display, DriverDesc = プライマリ ディスプレイ ドライバ
選択されたデバイス: DeviceNo = 0, Guid = 00000000-0000-0000-0000-000000000000
DIRECTDRAW作成(通常モード) ... 成功
サーフェイス:初期化開始
フルスクリーンモード[サイズ(1024, 768), 色数(16), 周波数(60)]
協調レベル設定 ... 成功
ディスプレイモード設定 ... 成功
プライマリサーフェイス作成 ... 成功
バックサーフェイス取得 ... 成功
クリッパー作成 ... 成功
プライマリサーフェイスのリストア ... 成功
バックサーフェイスのリストア ... 成功
作成されたサーフェイス情報:
サイズ(1024, 768), 色数(16), ビットマスク(R0000f800, G000007e0, B0000001f)
プライマリサーフェイスはローカルビデオメモリに作成されました
バックサーフェイスはローカルビデオメモリに作成されました
モニタ周波数(60)
サーフェイス:初期化成功終了
DIRECTDRAW:初期化成功終了


KOEIDS:初期化開始
KOEIDS:初期化成功終了
KOEIWMA:初期化開始
KOEIWMA:初期化成功終了


サーフェイス:初期化開始
フルスクリーンモード[サイズ(640, 480), 色数(16), 周波数(60)]
協調レベル設定 ... 成功
ディスプレイモード設定 ... 成功
プライマリサーフェイス作成 ... 成功
バックサーフェイス取得 ... 成功
クリッパー作成 ... 成功
プライマリサーフェイスのリストア ... 成功
バックサーフェイスのリストア ... 成功
作成されたサーフェイス情報:
サイズ(640, 480), 色数(16), ビットマスク(R0000f800, G000007e0, B0000001f)
プライマリサーフェイスはローカルビデオメモリに作成されました
バックサーフェイスはローカルビデオメモリに作成されました
モニタ周波数(60)
サーフェイス:初期化成功終了
MOVIE:再生開始(\\Kes1_filesever1\25th\NOBU10\蒼天録最新版\MOVIE\OP.MPG)(再生)
MOVIE:初期化成功(再生)
MOVIE:再生ルーチンＯＫ(再生)
MOVIE:[Notify 0x00000009 0x00000000 0x00000000](チェック)
MOVIE:[Notify 0x0000000A 0x00F00140 0x00000000](チェック)
MOVIE:[Notify 0x0000000D 0x00000000 0x00000000](チェック)
MOVIE:[Notify 0x0000000E 0x00000000 0x00000000](チェック)
MOVIE:再生ルーチン終了(再生)
MOVIE:停止(解放)
MOVIE:ウィンドウ関連付け解放ＯＫ(解放)
MOVIE:サウンド解放ＯＫ(解放)
MOVIE:ウィンドウ解放ＯＫ(解放)
MOVIE:基本フィルタ解放ＯＫ(解放)
MOVIE:グラフビルダ解放ＯＫ(解放)
MOVIE:メディアコントロール解放ＯＫ(解放)
MOVIE:メディアイベント解放ＯＫ(解放)
MOVIE:解放ＯＫ(解放)
MOVIE:再生終了(\\Kes1_filesever1\25th\NOBU10\蒼天録最新版\MOVIE\OP.MPG)(再生)
サーフェイス:初期化開始
フルスクリーンモード[サイズ(1024, 768), 色数(16), 周波数(60)]
協調レベル設定 ... 成功
ディスプレイモード設定 ... 成功
プライマリサーフェイス作成 ... 成功
バックサーフェイス取得 ... 成功
クリッパー作成 ... 成功
プライマリサーフェイスのリストア ... 成功
バックサーフェイスのリストア ... 成功
作成されたサーフェイス情報:
サイズ(1024, 768), 色数(16), ビットマスク(R0000f800, G000007e0, B0000001f)
プライマリサーフェイスはローカルビデオメモリに作成されました
バックサーフェイスはローカルビデオメモリに作成されました
モニタ周波数(60)
サーフェイス:初期化成功終了
KOEIWMA:終了処理開始
KOEIWMA:終了処理終了
KOEIDS:終了処理開始
KOEIDS:終了処理終了


